#
# A fatal error has been detected by the Java Runtime Environment:
#
#  EXCEPTION_ACCESS_VIOLATION (0xc0000005) at pc=0x0000000057bcc849, pid=10260, tid=0x000000000000390c
#
# JRE version: Java(TM) SE Runtime Environment (8.0_161-b12) (build 1.8.0_161-b12)
# Java VM: Java HotSpot(TM) 64-Bit Server VM (25.161-b12 mixed mode windows-amd64 compressed oops)
# Problematic frame:
# C  [glass.dll+0x1c849]
#
# Failed to write core dump. Minidumps are not enabled by default on client versions of Windows
#
# If you would like to submit a bug report, please visit:
#   http://bugreport.java.com/bugreport/crash.jsp
# The crash happened outside the Java Virtual Machine in native code.
# See problematic frame for where to report the bug.
#

---------------  T H R E A D  ---------------

Current thread (0x0000000016d46800):  JavaThread "JavaFX Application Thread" [_thread_in_native, id=14604, stack(0x00000000184a0000,0x00000000185a0000)]

siginfo: ExceptionCode=0xc0000005, reading address 0x000000001fd6e048

Registers:
RAX=0x0000000000000000, RBX=0x000000001fd6df40, RCX=0xb9ae02c15c7f0000, RDX=0x0000000016d47420
RSP=0x000000001859f110, RBP=0x000000001859f169, RSI=0x0000000000000100, RDI=0x000000001fd6df40
R8 =0x0000000000000006, R9 =0x0000000016d3c860, R10=0x0000000014e86030, R11=0x000000001859ef20
R12=0x00000000006506fe, R13=0x0000000000000100, R14=0x000000000000000d, R15=0x00000000001c0001
RIP=0x0000000057bcc849, EFLAGS=0x0000000000010206

Top of Stack: (sp=0x000000001859f110)
0x000000001859f110:   0000000000000000 000000001fd6df40
0x000000001859f120:   000000000000000d 000000001c5fc890
0x000000001859f130:   00000000001c0001 00007ff9ef89aad0
0x000000001859f140:   0000000000000000 000000001859f150
0x000000001859f150:   0000000000180016 0000000000000000
0x000000001859f160:   0000000000000000 00007ff900000000
0x000000001859f170:   0000000000d9b8c0 0000b9ae1a98ad6f
0x000000001859f180:   0000000057bd85c0 0000000000000100
0x000000001859f190:   00000000006506fe 000000001fd6df40
0x000000001859f1a0:   0000000000000000 00000000001c0001
0x000000001859f1b0:   00000000006506fe 0000000000000100
0x000000001859f1c0:   000000000000000d 0000000057bb1848
0x000000001859f1d0:   000000000000000d 0000000000000100
0x000000001859f1e0:   0000000000000001 00007ff9ef5f3cf4
0x000000001859f1f0:   0000000000000000 00007ff9ef5ebc50
0x000000001859f200:   0000000000000001 000000001859f4b0 

Instructions: (pc=0x0000000057bcc849)
0x0000000057bcc829:   00 00 0f 84 75 03 00 00 48 8b 57 08 48 8d 4f 28
0x0000000057bcc839:   4d 8b ce 4c 89 7c 24 20 44 8b c6 e8 d7 38 00 00
0x0000000057bcc849:   48 83 bf 08 01 00 00 00 0f 85 48 fd ff ff 49 83
0x0000000057bcc859:   fe 12 0f 84 45 03 00 00 49 83 fe 79 0f 85 34 fd 


Register to memory mapping:

RAX=0x0000000000000000 is an unknown value
RBX=0x000000001fd6df40 is an unknown value
RCX=0xb9ae02c15c7f0000 is an unknown value
RDX=0x0000000016d47420 is an unknown value
RSP=0x000000001859f110 is pointing into the stack for thread: 0x0000000016d46800
RBP=0x000000001859f169 is pointing into the stack for thread: 0x0000000016d46800
RSI=0x0000000000000100 is an unknown value
RDI=0x000000001fd6df40 is an unknown value
R8 =0x0000000000000006 is an unknown value
R9 =0x0000000016d3c860 is an unknown value
R10={method} {0x0000000014e86038} 'notifyKey' '(II[CI)V' in 'com/sun/glass/ui/View'
R11=0x000000001859ef20 is pointing into the stack for thread: 0x0000000016d46800
R12=0x00000000006506fe is an unknown value
R13=0x0000000000000100 is an unknown value
R14=0x000000000000000d is an unknown value
R15=0x00000000001c0001 is an unknown value


Stack: [0x00000000184a0000,0x00000000185a0000],  sp=0x000000001859f110,  free space=1020k
Native frames: (J=compiled Java code, j=interpreted, Vv=VM code, C=native code)
C  [glass.dll+0x1c849]
C  [glass.dll+0x1848]
C  [USER32.dll+0xbc50]
C  [USER32.dll+0xb5cf]
C  [glass.dll+0xa7dd]
C  0x0000000002d58c67

Java frames: (J=compiled Java code, j=interpreted, Vv=VM code)
j  com.sun.glass.ui.win.WinApplication._runLoop(Ljava/lang/Runnable;)V+0
j  com.sun.glass.ui.win.WinApplication.lambda$null$147(ILjava/lang/Runnable;)V+8
j  com.sun.glass.ui.win.WinApplication$$Lambda$37.run()V+12
j  java.lang.Thread.run()V+11
v  ~StubRoutines::call_stub

---------------  P R O C E S S  ---------------

Java Threads: ( => current thread )
  0x000000001823c000 JavaThread "Prism Font Disposer" daemon [_thread_blocked, id=9520, stack(0x000000001f450000,0x000000001f550000)]
  0x0000000017bf8800 JavaThread "JavaFX-Launcher" [_thread_blocked, id=7512, stack(0x000000001cc30000,0x000000001cd30000)]
  0x0000000017c1b000 JavaThread "Thread-2" daemon [_thread_in_native, id=396, stack(0x000000001cb30000,0x000000001cc30000)]
=>0x0000000016d46800 JavaThread "JavaFX Application Thread" [_thread_in_native, id=14604, stack(0x00000000184a0000,0x00000000185a0000)]
  0x0000000017be2800 JavaThread "Thread-1" daemon [_thread_blocked, id=12864, stack(0x00000000183a0000,0x00000000184a0000)]
  0x0000000016d17000 JavaThread "QuantumRenderer-0" daemon [_thread_blocked, id=7892, stack(0x0000000017930000,0x0000000017a30000)]
  0x0000000016a8b000 JavaThread "Service Thread" daemon [_thread_blocked, id=8748, stack(0x0000000017170000,0x0000000017270000)]
  0x0000000016a2d000 JavaThread "C1 CompilerThread2" daemon [_thread_blocked, id=7296, stack(0x0000000017070000,0x0000000017170000)]
  0x0000000016a03800 JavaThread "C2 CompilerThread1" daemon [_thread_blocked, id=4296, stack(0x0000000016f70000,0x0000000017070000)]
  0x00000000169a3800 JavaThread "C2 CompilerThread0" daemon [_thread_blocked, id=12680, stack(0x0000000016e70000,0x0000000016f70000)]
  0x00000000169a4800 JavaThread "Monitor Ctrl-Break" daemon [_thread_in_native, id=8448, stack(0x0000000016d70000,0x0000000016e70000)]
  0x0000000015337800 JavaThread "Attach Listener" daemon [_thread_blocked, id=8628, stack(0x0000000016870000,0x0000000016970000)]
  0x0000000015336000 JavaThread "Signal Dispatcher" daemon [_thread_blocked, id=11920, stack(0x0000000016770000,0x0000000016870000)]
  0x000000001531e000 JavaThread "Finalizer" daemon [_thread_blocked, id=6348, stack(0x0000000016580000,0x0000000016680000)]
  0x0000000002d33000 JavaThread "Reference Handler" daemon [_thread_blocked, id=3328, stack(0x0000000016480000,0x0000000016580000)]
  0x0000000002c43000 JavaThread "main" [_thread_blocked, id=14908, stack(0x0000000002990000,0x0000000002a90000)]

Other Threads:
  0x00000000152f7800 VMThread [stack: 0x0000000016380000,0x0000000016480000] [id=2720]
  0x0000000016b09000 WatcherThread [stack: 0x0000000017670000,0x0000000017770000] [id=4092]

VM state:not at safepoint (normal execution)

VM Mutex/Monitor currently owned by a thread: None

Heap:
 PSYoungGen      total 18944K, used 5291K [0x00000000eb300000, 0x00000000ec800000, 0x0000000100000000)
  eden space 16384K, 16% used [0x00000000eb300000,0x00000000eb5b2e60,0x00000000ec300000)
  from space 2560K, 98% used [0x00000000ec300000,0x00000000ec578020,0x00000000ec580000)
  to   space 2560K, 0% used [0x00000000ec580000,0x00000000ec580000,0x00000000ec800000)
 ParOldGen       total 44032K, used 5112K [0x00000000c1800000, 0x00000000c4300000, 0x00000000eb300000)
  object space 44032K, 11% used [0x00000000c1800000,0x00000000c1cfe380,0x00000000c4300000)
 Metaspace       used 16769K, capacity 17552K, committed 17792K, reserved 1064960K
  class space    used 2414K, capacity 2595K, committed 2688K, reserved 1048576K

Card table byte_map: [0x0000000012100000,0x0000000012300000] byte_map_base: 0x0000000011af4000

Marking Bits: (ParMarkBitMap*) 0x000000005851f860
 Begin Bits: [0x0000000012850000, 0x00000000137f0000)
 End Bits:   [0x00000000137f0000, 0x0000000014790000)

Polling page: 0x0000000001110000

CodeCache: size=245760Kb used=5529Kb max_used=5541Kb free=240230Kb
 bounds [0x0000000002d40000, 0x00000000032b0000, 0x0000000011d40000]
 total_blobs=2473 nmethods=1827 adapters=558
 compilation: enabled

Compilation events (10 events):
Event: 9.413 Thread 0x0000000016a2d000 nmethod 1824 0x00000000032a8950 code [0x00000000032a8aa0, 0x00000000032a8b90]
Event: 9.413 Thread 0x0000000016a2d000 1825       1       javafx.scene.text.Text$TextAttribute::access$1800 (5 bytes)
Event: 9.413 Thread 0x0000000016a2d000 nmethod 1825 0x00000000032a8c10 code [0x00000000032a8d60, 0x00000000032a8e50]
Event: 9.413 Thread 0x0000000016a2d000 1828       3       javafx.collections.ListChangeBuilder$SingleChange::next (16 bytes)
Event: 9.413 Thread 0x0000000016a2d000 nmethod 1828 0x00000000032a8ed0 code [0x00000000032a9020, 0x00000000032a91d0]
Event: 9.413 Thread 0x0000000016a2d000 1826       1       com.sun.javafx.text.TextRun::getLength (5 bytes)
Event: 9.413 Thread 0x0000000016a2d000 nmethod 1826 0x00000000032a9250 code [0x00000000032a93a0, 0x00000000032a94b0]
Event: 9.413 Thread 0x0000000016a2d000 1827       1       com.sun.javafx.font.CompositeStrike::getFontResource (5 bytes)
Event: 9.413 Thread 0x0000000016a2d000 nmethod 1827 0x00000000032a9510 code [0x00000000032a9660, 0x00000000032a9770]
Event: 9.416 Thread 0x0000000016a03800 nmethod 1822 0x00000000032ac6d0 code [0x00000000032ac820, 0x00000000032acb38]

GC Heap History (6 events):
Event: 0.946 GC heap before
{Heap before GC invocations=1 (full 0):
 PSYoungGen      total 18944K, used 16384K [0x00000000eb300000, 0x00000000ec800000, 0x0000000100000000)
  eden space 16384K, 100% used [0x00000000eb300000,0x00000000ec300000,0x00000000ec300000)
  from space 2560K, 0% used [0x00000000ec580000,0x00000000ec580000,0x00000000ec800000)
  to   space 2560K, 0% used [0x00000000ec300000,0x00000000ec300000,0x00000000ec580000)
 ParOldGen       total 44032K, used 0K [0x00000000c1800000, 0x00000000c4300000, 0x00000000eb300000)
  object space 44032K, 0% used [0x00000000c1800000,0x00000000c1800000,0x00000000c4300000)
 Metaspace       used 8833K, capacity 9180K, committed 9472K, reserved 1056768K
  class space    used 1058K, capacity 1160K, committed 1280K, reserved 1048576K
Event: 0.949 GC heap after
Heap after GC invocations=1 (full 0):
 PSYoungGen      total 18944K, used 1920K [0x00000000eb300000, 0x00000000ec800000, 0x0000000100000000)
  eden space 16384K, 0% used [0x00000000eb300000,0x00000000eb300000,0x00000000ec300000)
  from space 2560K, 75% used [0x00000000ec300000,0x00000000ec4e0030,0x00000000ec580000)
  to   space 2560K, 0% used [0x00000000ec580000,0x00000000ec580000,0x00000000ec800000)
 ParOldGen       total 44032K, used 8K [0x00000000c1800000, 0x00000000c4300000, 0x00000000eb300000)
  object space 44032K, 0% used [0x00000000c1800000,0x00000000c1802000,0x00000000c4300000)
 Metaspace       used 8833K, capacity 9180K, committed 9472K, reserved 1056768K
  class space    used 1058K, capacity 1160K, committed 1280K, reserved 1048576K
}
Event: 1.619 GC heap before
{Heap before GC invocations=2 (full 0):
 PSYoungGen      total 18944K, used 17038K [0x00000000eb300000, 0x00000000ec800000, 0x0000000100000000)
  eden space 16384K, 92% used [0x00000000eb300000,0x00000000ec1c3ae8,0x00000000ec300000)
  from space 2560K, 75% used [0x00000000ec300000,0x00000000ec4e0030,0x00000000ec580000)
  to   space 2560K, 0% used [0x00000000ec580000,0x00000000ec580000,0x00000000ec800000)
 ParOldGen       total 44032K, used 8K [0x00000000c1800000, 0x00000000c4300000, 0x00000000eb300000)
  object space 44032K, 0% used [0x00000000c1800000,0x00000000c1802000,0x00000000c4300000)
 Metaspace       used 13362K, capacity 13886K, committed 14080K, reserved 1060864K
  class space    used 1776K, capacity 1936K, committed 2048K, reserved 1048576K
Event: 1.626 GC heap after
Heap after GC invocations=2 (full 0):
 PSYoungGen      total 18944K, used 2544K [0x00000000eb300000, 0x00000000ec800000, 0x0000000100000000)
  eden space 16384K, 0% used [0x00000000eb300000,0x00000000eb300000,0x00000000ec300000)
  from space 2560K, 99% used [0x00000000ec580000,0x00000000ec7fc030,0x00000000ec800000)
  to   space 2560K, 0% used [0x00000000ec300000,0x00000000ec300000,0x00000000ec580000)
 ParOldGen       total 44032K, used 1224K [0x00000000c1800000, 0x00000000c4300000, 0x00000000eb300000)
  object space 44032K, 2% used [0x00000000c1800000,0x00000000c1932330,0x00000000c4300000)
 Metaspace       used 13362K, capacity 13886K, committed 14080K, reserved 1060864K
  class space    used 1776K, capacity 1936K, committed 2048K, reserved 1048576K
}
Event: 8.931 GC heap before
{Heap before GC invocations=3 (full 0):
 PSYoungGen      total 18944K, used 18928K [0x00000000eb300000, 0x00000000ec800000, 0x0000000100000000)
  eden space 16384K, 100% used [0x00000000eb300000,0x00000000ec300000,0x00000000ec300000)
  from space 2560K, 99% used [0x00000000ec580000,0x00000000ec7fc030,0x00000000ec800000)
  to   space 2560K, 0% used [0x00000000ec300000,0x00000000ec300000,0x00000000ec580000)
 ParOldGen       total 44032K, used 1224K [0x00000000c1800000, 0x00000000c4300000, 0x00000000eb300000)
  object space 44032K, 2% used [0x00000000c1800000,0x00000000c1932330,0x00000000c4300000)
 Metaspace       used 15928K, capacity 16606K, committed 16896K, reserved 1062912K
  class space    used 2249K, capacity 2446K, committed 2560K, reserved 1048576K
Event: 8.939 GC heap after
Heap after GC invocations=3 (full 0):
 PSYoungGen      total 18944K, used 2528K [0x00000000eb300000, 0x00000000ec800000, 0x0000000100000000)
  eden space 16384K, 0% used [0x00000000eb300000,0x00000000eb300000,0x00000000ec300000)
  from space 2560K, 98% used [0x00000000ec300000,0x00000000ec578020,0x00000000ec580000)
  to   space 2560K, 0% used [0x00000000ec580000,0x00000000ec580000,0x00000000ec800000)
 ParOldGen       total 44032K, used 5112K [0x00000000c1800000, 0x00000000c4300000, 0x00000000eb300000)
  object space 44032K, 11% used [0x00000000c1800000,0x00000000c1cfe380,0x00000000c4300000)
 Metaspace       used 15928K, capacity 16606K, committed 16896K, reserved 1062912K
  class space    used 2249K, capacity 2446K, committed 2560K, reserved 1048576K
}

Deoptimization events (10 events):
Event: 1.400 Thread 0x0000000016d46800 Uncommon trap: reason=class_check action=maybe_recompile pc=0x0000000002ece668 method=java.lang.String.equals(Ljava/lang/Object;)Z @ 8
Event: 1.400 Thread 0x0000000016d46800 Uncommon trap: reason=class_check action=maybe_recompile pc=0x0000000002ece668 method=java.lang.String.equals(Ljava/lang/Object;)Z @ 8
Event: 1.403 Thread 0x0000000016d46800 Uncommon trap: reason=class_check action=maybe_recompile pc=0x0000000002ece668 method=java.lang.String.equals(Ljava/lang/Object;)Z @ 8
Event: 1.512 Thread 0x0000000016d46800 Uncommon trap: reason=unstable_if action=reinterpret pc=0x0000000002edb980 method=java.lang.CharacterData.of(I)Ljava/lang/CharacterData; @ 4
Event: 1.526 Thread 0x0000000016d46800 Uncommon trap: reason=unstable_if action=reinterpret pc=0x000000000301ce00 method=sun.net.www.ParseUtil.encodePath(Ljava/lang/String;Z)Ljava/lang/String; @ 109
Event: 3.099 Thread 0x0000000016d46800 Uncommon trap: reason=unstable_if action=reinterpret pc=0x00000000030318e8 method=jdk.internal.org.objectweb.asm.Type.getArgumentsAndReturnSizes(Ljava/lang/String;)I @ 47
Event: 9.064 Thread 0x0000000016d46800 Uncommon trap: reason=class_check action=maybe_recompile pc=0x000000000305dd70 method=java.io.FilterInputStream.read()I @ 4
Event: 9.064 Thread 0x0000000016d46800 Uncommon trap: reason=class_check action=maybe_recompile pc=0x000000000305dd70 method=java.io.FilterInputStream.read()I @ 4
Event: 9.064 Thread 0x0000000016d46800 Uncommon trap: reason=class_check action=maybe_recompile pc=0x000000000305dd70 method=java.io.FilterInputStream.read()I @ 4
Event: 9.064 Thread 0x0000000016d46800 Uncommon trap: reason=class_check action=maybe_recompile pc=0x000000000305dd70 method=java.io.FilterInputStream.read()I @ 4

Classes redefined (0 events):
No events

Internal exceptions (10 events):
Event: 0.347 Thread 0x0000000002c43000 Exception <a 'java/security/PrivilegedActionException'> (0x00000000eb734cf0) thrown at [C:\re\workspace\8-2-build-windows-amd64-cygwin\jdk8u161\10277\hotspot\src\share\vm\prims\jvm.cpp, line 1390]
Event: 0.348 Thread 0x0000000002c43000 Exception <a 'java/security/PrivilegedActionException'> (0x00000000eb738c00) thrown at [C:\re\workspace\8-2-build-windows-amd64-cygwin\jdk8u161\10277\hotspot\src\share\vm\prims\jvm.cpp, line 1390]
Event: 0.348 Thread 0x0000000002c43000 Exception <a 'java/security/PrivilegedActionException'> (0x00000000eb738e10) thrown at [C:\re\workspace\8-2-build-windows-amd64-cygwin\jdk8u161\10277\hotspot\src\share\vm\prims\jvm.cpp, line 1390]
Event: 0.349 Thread 0x0000000002c43000 Exception <a 'java/lang/NullPointerException'> (0x00000000eb739818) thrown at [C:\re\workspace\8-2-build-windows-amd64-cygwin\jdk8u161\10277\hotspot\src\share\vm\interpreter\linkResolver.cpp, line 1185]
Event: 0.380 Thread 0x0000000002c43000 Implicit null exception at 0x0000000002e54315 to 0x0000000002e544d9
Event: 0.958 Thread 0x0000000016d46800 Exception <a 'java/lang/NullPointerException'> (0x00000000eb31d980) thrown at [C:\re\workspace\8-2-build-windows-amd64-cygwin\jdk8u161\10277\hotspot\src\share\vm\interpreter\linkResolver.cpp, line 1185]
Event: 0.958 Thread 0x0000000016d46800 Exception <a 'java/lang/NullPointerException'> (0x00000000eb31d980) thrown at [C:\re\workspace\8-2-build-windows-amd64-cygwin\jdk8u161\10277\hotspot\src\share\vm\prims\jvm.cpp, line 1394]
Event: 1.135 Thread 0x0000000016d46800 Exception <a 'java/lang/ArrayIndexOutOfBoundsException': 58> (0x00000000eb90aa78) thrown at [C:\re\workspace\8-2-build-windows-amd64-cygwin\jdk8u161\10277\hotspot\src\share\vm\interpreter\interpreterRuntime.cpp, line 366]
Event: 1.136 Thread 0x0000000016d46800 Exception <a 'java/lang/ArrayIndexOutOfBoundsException': 18> (0x00000000eb90f6e8) thrown at [C:\re\workspace\8-2-build-windows-amd64-cygwin\jdk8u161\10277\hotspot\src\share\vm\interpreter\interpreterRuntime.cpp, line 366]
Event: 1.137 Thread 0x0000000016d46800 Exception <a 'java/lang/ArrayIndexOutOfBoundsException': 86> (0x00000000eb911590) thrown at [C:\re\workspace\8-2-build-windows-amd64-cygwin\jdk8u161\10277\hotspot\src\share\vm\interpreter\interpreterRuntime.cpp, line 366]

Events (10 events):
Event: 9.108 loading class com/sun/prism/image/CachingCompoundImage
Event: 9.108 loading class com/sun/prism/image/CachingCompoundImage done
Event: 9.113 Executing VM operation: RevokeBias
Event: 9.113 Executing VM operation: RevokeBias done
Event: 9.122 loading class com/sun/glass/ui/EventLoop
Event: 9.122 loading class com/sun/glass/ui/EventLoop done
Event: 9.123 loading class com/sun/glass/ui/EventLoop$State
Event: 9.123 loading class com/sun/glass/ui/EventLoop$State done
Event: 9.411 loading class java/util/Optional
Event: 9.411 loading class java/util/Optional done


Dynamic libraries:
0x00007ff6af620000 - 0x00007ff6af657000 	C:\Program Files\Java\jdk1.8.0_161\bin\java.exe
0x00007ff9f2080000 - 0x00007ff9f225b000 	C:\Windows\SYSTEM32\ntdll.dll
0x00007ff9f0260000 - 0x00007ff9f030e000 	C:\Windows\System32\KERNEL32.DLL
0x00007ff9eeaa0000 - 0x00007ff9eecea000 	C:\Windows\System32\KERNELBASE.dll
0x00007ff9f0440000 - 0x00007ff9f04e1000 	C:\Windows\System32\ADVAPI32.dll
0x00007ff9f1d50000 - 0x00007ff9f1ded000 	C:\Windows\System32\msvcrt.dll
0x00007ff9f1ac0000 - 0x00007ff9f1b19000 	C:\Windows\System32\sechost.dll
0x00007ff9f0310000 - 0x00007ff9f0435000 	C:\Windows\System32\RPCRT4.dll
0x00007ff9ef5e0000 - 0x00007ff9ef72a000 	C:\Windows\System32\USER32.dll
0x00007ff9eed50000 - 0x00007ff9eed6e000 	C:\Windows\System32\win32u.dll
0x00007ff9f1df0000 - 0x00007ff9f1e17000 	C:\Windows\System32\GDI32.dll
0x00007ff9ee5a0000 - 0x00007ff9ee728000 	C:\Windows\System32\gdi32full.dll
0x00007ff9ee730000 - 0x00007ff9ee7ca000 	C:\Windows\System32\msvcp_win.dll
0x00007ff9ee9a0000 - 0x00007ff9eea96000 	C:\Windows\System32\ucrtbase.dll
0x00007ff9e9e90000 - 0x00007ff9ea0f7000 	C:\Windows\WinSxS\amd64_microsoft.windows.common-controls_6595b64144ccf1df_6.0.15063.1155_none_40c7922129a7722b\COMCTL32.dll
0x00007ff9efec0000 - 0x00007ff9f01b9000 	C:\Windows\System32\combase.dll
0x00007ff9ef4c0000 - 0x00007ff9ef52a000 	C:\Windows\System32\bcryptPrimitives.dll
0x00007ff9f0590000 - 0x00007ff9f05bd000 	C:\Windows\System32\IMM32.DLL
0x00000000585a0000 - 0x0000000058672000 	C:\Program Files\Java\jdk1.8.0_161\jre\bin\msvcr100.dll
0x0000000057d00000 - 0x000000005859f000 	C:\Program Files\Java\jdk1.8.0_161\jre\bin\server\jvm.dll
0x00007ff9f0240000 - 0x00007ff9f0248000 	C:\Windows\System32\PSAPI.DLL
0x00007ff9eac80000 - 0x00007ff9eac89000 	C:\Windows\SYSTEM32\WSOCK32.dll
0x00007ff9f1ce0000 - 0x00007ff9f1d4c000 	C:\Windows\System32\WS2_32.dll
0x00007ff9ea110000 - 0x00007ff9ea11a000 	C:\Windows\SYSTEM32\VERSION.dll
0x00007ff9ec9b0000 - 0x00007ff9ec9d3000 	C:\Windows\SYSTEM32\WINMM.dll
0x00007ff9ec950000 - 0x00007ff9ec97b000 	C:\Windows\SYSTEM32\WINMMBASE.dll
0x00007ff9ef470000 - 0x00007ff9ef4b9000 	C:\Windows\System32\cfgmgr32.dll
0x0000000057cf0000 - 0x0000000057cff000 	C:\Program Files\Java\jdk1.8.0_161\jre\bin\verify.dll
0x0000000057cc0000 - 0x0000000057ce9000 	C:\Program Files\Java\jdk1.8.0_161\jre\bin\java.dll
0x0000000057c70000 - 0x0000000057c93000 	C:\Program Files\Java\jdk1.8.0_161\jre\bin\instrument.dll
0x0000000057ca0000 - 0x0000000057cb6000 	C:\Program Files\Java\jdk1.8.0_161\jre\bin\zip.dll
0x00007ff9f05c0000 - 0x00007ff9f19f8000 	C:\Windows\System32\SHELL32.dll
0x00007ff9f1c30000 - 0x00007ff9f1cda000 	C:\Windows\System32\shcore.dll
0x00007ff9eed70000 - 0x00007ff9ef461000 	C:\Windows\System32\windows.storage.dll
0x00007ff9f2020000 - 0x00007ff9f2071000 	C:\Windows\System32\shlwapi.dll
0x00007ff9ee510000 - 0x00007ff9ee521000 	C:\Windows\System32\kernel.appcore.dll
0x00007ff9ee530000 - 0x00007ff9ee57c000 	C:\Windows\System32\powrprof.dll
0x00007ff9ee580000 - 0x00007ff9ee595000 	C:\Windows\System32\profapi.dll
0x00007ff9c4620000 - 0x00007ff9c463a000 	C:\Program Files\JetBrains\IntelliJ IDEA 2018.2.4\bin\breakgen64.dll
0x0000000057c50000 - 0x0000000057c6a000 	C:\Program Files\Java\jdk1.8.0_161\jre\bin\net.dll
0x00007ff9ede00000 - 0x00007ff9ede5c000 	C:\Windows\system32\mswsock.dll
0x00000000011c0000 - 0x00000000011c3000 	C:\Program Files\Java\jdk1.8.0_161\jre\bin\api-ms-win-core-console-l1-1-0.dll
0x00000000011d0000 - 0x00000000011d3000 	C:\Program Files\Java\jdk1.8.0_161\jre\bin\api-ms-win-core-datetime-l1-1-0.dll
0x0000000002a90000 - 0x0000000002a93000 	C:\Program Files\Java\jdk1.8.0_161\jre\bin\api-ms-win-core-debug-l1-1-0.dll
0x0000000002aa0000 - 0x0000000002aa3000 	C:\Program Files\Java\jdk1.8.0_161\jre\bin\api-ms-win-core-errorhandling-l1-1-0.dll
0x0000000002ab0000 - 0x0000000002ab4000 	C:\Program Files\Java\jdk1.8.0_161\jre\bin\api-ms-win-core-file-l1-1-0.dll
0x0000000002ac0000 - 0x0000000002ac3000 	C:\Program Files\Java\jdk1.8.0_161\jre\bin\api-ms-win-core-file-l1-2-0.dll
0x0000000002ad0000 - 0x0000000002ad3000 	C:\Program Files\Java\jdk1.8.0_161\jre\bin\api-ms-win-core-file-l2-1-0.dll
0x0000000002ae0000 - 0x0000000002ae3000 	C:\Program Files\Java\jdk1.8.0_161\jre\bin\api-ms-win-core-handle-l1-1-0.dll
0x0000000002af0000 - 0x0000000002af3000 	C:\Program Files\Java\jdk1.8.0_161\jre\bin\api-ms-win-core-heap-l1-1-0.dll
0x0000000002b00000 - 0x0000000002b03000 	C:\Program Files\Java\jdk1.8.0_161\jre\bin\api-ms-win-core-interlocked-l1-1-0.dll
0x0000000002b10000 - 0x0000000002b13000 	C:\Program Files\Java\jdk1.8.0_161\jre\bin\api-ms-win-core-libraryloader-l1-1-0.dll
0x0000000002b20000 - 0x0000000002b23000 	C:\Program Files\Java\jdk1.8.0_161\jre\bin\api-ms-win-core-localization-l1-2-0.dll
0x0000000017770000 - 0x0000000017773000 	C:\Program Files\Java\jdk1.8.0_161\jre\bin\api-ms-win-core-memory-l1-1-0.dll
0x0000000017780000 - 0x0000000017783000 	C:\Program Files\Java\jdk1.8.0_161\jre\bin\api-ms-win-core-namedpipe-l1-1-0.dll
0x0000000017790000 - 0x0000000017793000 	C:\Program Files\Java\jdk1.8.0_161\jre\bin\api-ms-win-core-processenvironment-l1-1-0.dll
0x00000000177a0000 - 0x00000000177a3000 	C:\Program Files\Java\jdk1.8.0_161\jre\bin\api-ms-win-core-processthreads-l1-1-0.dll
0x00000000177b0000 - 0x00000000177b3000 	C:\Program Files\Java\jdk1.8.0_161\jre\bin\api-ms-win-core-processthreads-l1-1-1.dll
0x00000000177c0000 - 0x00000000177c3000 	C:\Program Files\Java\jdk1.8.0_161\jre\bin\api-ms-win-core-profile-l1-1-0.dll
0x00000000177d0000 - 0x00000000177d3000 	C:\Program Files\Java\jdk1.8.0_161\jre\bin\api-ms-win-core-rtlsupport-l1-1-0.dll
0x00000000177e0000 - 0x00000000177e3000 	C:\Program Files\Java\jdk1.8.0_161\jre\bin\api-ms-win-core-string-l1-1-0.dll
0x00000000177f0000 - 0x00000000177f3000 	C:\Program Files\Java\jdk1.8.0_161\jre\bin\api-ms-win-core-synch-l1-1-0.dll
0x0000000017800000 - 0x0000000017803000 	C:\Program Files\Java\jdk1.8.0_161\jre\bin\api-ms-win-core-synch-l1-2-0.dll
0x0000000017810000 - 0x0000000017813000 	C:\Program Files\Java\jdk1.8.0_161\jre\bin\api-ms-win-core-sysinfo-l1-1-0.dll
0x0000000017820000 - 0x0000000017823000 	C:\Program Files\Java\jdk1.8.0_161\jre\bin\api-ms-win-core-timezone-l1-1-0.dll
0x0000000017830000 - 0x0000000017833000 	C:\Program Files\Java\jdk1.8.0_161\jre\bin\api-ms-win-core-util-l1-1-0.dll
0x0000000017840000 - 0x0000000017843000 	C:\Program Files\Java\jdk1.8.0_161\jre\bin\api-ms-win-crt-conio-l1-1-0.dll
0x0000000017850000 - 0x0000000017854000 	C:\Program Files\Java\jdk1.8.0_161\jre\bin\api-ms-win-crt-convert-l1-1-0.dll
0x0000000017860000 - 0x0000000017863000 	C:\Program Files\Java\jdk1.8.0_161\jre\bin\api-ms-win-crt-environment-l1-1-0.dll
0x0000000017870000 - 0x0000000017873000 	C:\Program Files\Java\jdk1.8.0_161\jre\bin\api-ms-win-crt-filesystem-l1-1-0.dll
0x0000000017880000 - 0x0000000017883000 	C:\Program Files\Java\jdk1.8.0_161\jre\bin\api-ms-win-crt-heap-l1-1-0.dll
0x0000000017890000 - 0x0000000017893000 	C:\Program Files\Java\jdk1.8.0_161\jre\bin\api-ms-win-crt-locale-l1-1-0.dll
0x00000000178a0000 - 0x00000000178a5000 	C:\Program Files\Java\jdk1.8.0_161\jre\bin\api-ms-win-crt-math-l1-1-0.dll
0x00000000178b0000 - 0x00000000178b5000 	C:\Program Files\Java\jdk1.8.0_161\jre\bin\api-ms-win-crt-multibyte-l1-1-0.dll
0x00000000178c0000 - 0x00000000178d0000 	C:\Program Files\Java\jdk1.8.0_161\jre\bin\api-ms-win-crt-private-l1-1-0.dll
0x00000000178d0000 - 0x00000000178d3000 	C:\Program Files\Java\jdk1.8.0_161\jre\bin\api-ms-win-crt-process-l1-1-0.dll
0x00000000178e0000 - 0x00000000178e4000 	C:\Program Files\Java\jdk1.8.0_161\jre\bin\api-ms-win-crt-runtime-l1-1-0.dll
0x00000000178f0000 - 0x00000000178f4000 	C:\Program Files\Java\jdk1.8.0_161\jre\bin\api-ms-win-crt-stdio-l1-1-0.dll
0x0000000017900000 - 0x0000000017904000 	C:\Program Files\Java\jdk1.8.0_161\jre\bin\api-ms-win-crt-string-l1-1-0.dll
0x0000000017910000 - 0x0000000017913000 	C:\Program Files\Java\jdk1.8.0_161\jre\bin\api-ms-win-crt-time-l1-1-0.dll
0x0000000017920000 - 0x0000000017923000 	C:\Program Files\Java\jdk1.8.0_161\jre\bin\api-ms-win-crt-utility-l1-1-0.dll
0x00007ff9af0f0000 - 0x00007ff9af1e6000 	C:\Program Files\Java\jdk1.8.0_161\jre\bin\ucrtbase.dll
0x00007ff9ba5c0000 - 0x00007ff9ba611000 	C:\Program Files\Java\jdk1.8.0_161\jre\bin\concrt140.dll
0x00007ff9c0b70000 - 0x00007ff9c0c0b000 	C:\Windows\SYSTEM32\MSVCP140.dll
0x00007ff9cfad0000 - 0x00007ff9cfae6000 	C:\Windows\SYSTEM32\VCRUNTIME140.dll
0x00007ff9c41d0000 - 0x00007ff9c41e6000 	C:\Program Files\Java\jdk1.8.0_161\jre\bin\vcruntime140.dll
0x00007ff9b5910000 - 0x00007ff9b59ac000 	C:\Program Files\Java\jdk1.8.0_161\jre\bin\msvcp140.dll
0x0000000057c00000 - 0x0000000057c23000 	C:\Program Files\Java\jdk1.8.0_161\jre\bin\prism_d3d.dll
0x00007ff9cb1b0000 - 0x00007ff9cb339000 	C:\Windows\system32\d3d9.dll
0x00007ff9ebe30000 - 0x00007ff9ebe5a000 	C:\Windows\SYSTEM32\dwmapi.dll
0x00007ff9ecd30000 - 0x00007ff9ecdc5000 	C:\Windows\system32\uxtheme.dll
0x00007ff9a7cc0000 - 0x00007ff9aa1fd000 	C:\Windows\SYSTEM32\igdumdim64.dll
0x00007ff9f1a00000 - 0x00007ff9f1ac0000 	C:\Windows\System32\OLEAUT32.dll
0x00007ff9ef730000 - 0x00007ff9ef875000 	C:\Windows\System32\ole32.dll
0x00007ff9efa10000 - 0x00007ff9efe4b000 	C:\Windows\System32\SETUPAPI.dll
0x0000000057bb0000 - 0x0000000057bf9000 	C:\Program Files\Java\jdk1.8.0_161\jre\bin\glass.dll
0x00007ff9f1b20000 - 0x00007ff9f1c28000 	C:\Windows\System32\COMDLG32.dll
0x00007ff9ef880000 - 0x00007ff9ef9e6000 	C:\Windows\System32\MSCTF.dll
0x00007ff9c69e0000 - 0x00007ff9c7420000 	C:\Windows\SYSTEM32\igdusc64.dll
0x0000000057b90000 - 0x0000000057ba4000 	C:\Program Files\Java\jdk1.8.0_161\jre\bin\javafx_font.dll
0x00007ff9e5d30000 - 0x00007ff9e5fef000 	C:\Windows\SYSTEM32\dwrite.dll
0x00007ff9f04f0000 - 0x00007ff9f058e000 	C:\Windows\System32\clbcatq.dll
0x00007ff9e5040000 - 0x00007ff9e51ec000 	C:\Windows\SYSTEM32\WindowsCodecs.dll
0x00007ff9d0a00000 - 0x00007ff9d0a47000 	C:\Windows\system32\dataexchange.dll
0x00007ff9ebb50000 - 0x00007ff9ebe2f000 	C:\Windows\system32\d3d11.dll
0x00007ff9ec560000 - 0x00007ff9ec683000 	C:\Windows\system32\dcomp.dll
0x00007ff9ed440000 - 0x00007ff9ed4e4000 	C:\Windows\system32\dxgi.dll
0x00007ff9ecfa0000 - 0x00007ff9ed110000 	C:\Windows\system32\twinapi.appcore.dll
0x00007ff9ee0b0000 - 0x00007ff9ee0d5000 	C:\Windows\system32\bcrypt.dll
0x00007ff9bd670000 - 0x00007ff9bd6a1000 	C:\Program Files\Common Files\Microsoft Shared\Ink\rtscom.dll
0x00007ff9e9510000 - 0x00007ff9e9591000 	C:\Windows\System32\TextInputFramework.dll
0x00007ff9e8e80000 - 0x00007ff9e9153000 	C:\Windows\System32\CoreUIComponents.dll
0x00007ff9ec440000 - 0x00007ff9ec524000 	C:\Windows\System32\CoreMessaging.dll
0x00007ff9ed700000 - 0x00007ff9ed731000 	C:\Windows\SYSTEM32\ntmarta.dll
0x00007ff9ea680000 - 0x00007ff9ea7b9000 	C:\Windows\SYSTEM32\wintypes.dll
0x00007ff9eb220000 - 0x00007ff9eb235000 	C:\Windows\SYSTEM32\usermgrcli.dll
0x0000000057b70000 - 0x0000000057b82000 	C:\Program Files\Java\jdk1.8.0_161\jre\bin\prism_common.dll
0x00007ff9eaa80000 - 0x00007ff9eac29000 	C:\Windows\SYSTEM32\dbghelp.dll

VM Arguments:
jvm_args: -javaagent:C:\Program Files\JetBrains\IntelliJ IDEA 2018.2.4\lib\idea_rt.jar=12794:C:\Program Files\JetBrains\IntelliJ IDEA 2018.2.4\bin -Dfile.encoding=UTF-8 
java_command: sample.Client
java_class_path (initial): C:\Program Files\Java\jdk1.8.0_161\jre\lib\charsets.jar;C:\Program Files\Java\jdk1.8.0_161\jre\lib\deploy.jar;C:\Program Files\Java\jdk1.8.0_161\jre\lib\ext\access-bridge-64.jar;C:\Program Files\Java\jdk1.8.0_161\jre\lib\ext\cldrdata.jar;C:\Program Files\Java\jdk1.8.0_161\jre\lib\ext\dnsns.jar;C:\Program Files\Java\jdk1.8.0_161\jre\lib\ext\jaccess.jar;C:\Program Files\Java\jdk1.8.0_161\jre\lib\ext\jfxrt.jar;C:\Program Files\Java\jdk1.8.0_161\jre\lib\ext\localedata.jar;C:\Program Files\Java\jdk1.8.0_161\jre\lib\ext\nashorn.jar;C:\Program Files\Java\jdk1.8.0_161\jre\lib\ext\sunec.jar;C:\Program Files\Java\jdk1.8.0_161\jre\lib\ext\sunjce_provider.jar;C:\Program Files\Java\jdk1.8.0_161\jre\lib\ext\sunmscapi.jar;C:\Program Files\Java\jdk1.8.0_161\jre\lib\ext\sunpkcs11.jar;C:\Program Files\Java\jdk1.8.0_161\jre\lib\ext\zipfs.jar;C:\Program Files\Java\jdk1.8.0_161\jre\lib\javaws.jar;C:\Program Files\Java\jdk1.8.0_161\jre\lib\jce.jar;C:\Program Files\Java\jdk1.8.0_161\jre\lib\jfr.jar;C:\Program Files\Java\jdk1.8.0_161\jre\lib\jfxswt.jar;C:\Program Files\Java\jdk1.8.0_161\jre\lib\jsse.jar;C:\Program Files\Java\jdk1.8.0_161\jre\lib\management-agent.jar;C:\Program Files\Java\jdk1.8.0_161\jre\lib\plugin.jar;C:\Program Files\Java\jdk1.8.0_161\jre\lib\resources.jar;C:\Program Files\Java\jdk1.8.0_161\jre\lib\rt.jar;D:\mysql-connector-java-5.1.47\mysql-connector-java-5.1.47-bin.jar;C:\Users\DEN\IdeaProjects\VaniaCafeClient\out\production\VaniaCafeClient;C:\Program Files\JetBrains\IntelliJ IDEA 2018.2.4\lib\idea_rt.jar
Launcher Type: SUN_STANDARD

Environment Variables:
JAVA_HOME=C:\Program Files\Java\jdk1.8.0_141
PATH=C:\Program Files (x86)\Common Files\Oracle\Java\javapath;C:\ProgramData\Oracle\Java\javapath;C:\WinAVR-20100110\bin;C:\WinAVR-20100110\utils\bin;C:\Windows\system32;C:\Windows;C:\Windows\System32\Wbem;C:\Windows\System32\WindowsPowerShell\v1.0\;C:\Program Files\Microsoft SQL Server\130\Tools\Binn\;C:\Program Files\dotnet\;C:\Program Files\Git\cmd;C:\Program Files\Microsoft SQL Server\Client SDK\ODBC\130\Tools\Binn\;C:\Program Files (x86)\Microsoft SQL Server\140\Tools\Binn\;C:\Program Files\Microsoft SQL Server\140\Tools\Binn\;C:\Program Files\Microsoft SQL Server\140\DTS\Binn\;C:\Program Files (x86)\Microsoft SQL Server\Client SDK\ODBC\130\Tools\Binn\;C:\Program Files (x86)\Microsoft SQL Server\140\DTS\Binn\;C:\Program Files (x86)\Microsoft SQL Server\140\Tools\Binn\ManagementStudio\;C:\Program Files\nodejs\;C:\Program Files (x86)\GtkSharp\2.12\bin;C:\Program Files (x86)\Silk\SilkTest;C:\Program Files (x86)\Silk\SilkTest\ng\gui;C:\Windows\system32\config\systemprofile\.dnx\bin;C:\Program Files\Microsoft DNX\Dnvm\;C:\Program Files (x86)\Windows Kits\8.1\Windows Performance Toolkit\;C:\Users\DEN\AppData\Local\Microsoft\WindowsApps;;C:\Program Files (x86)\GNU Tools ARM Embedded\4.6 2012q4\bin;C:\Users\DEN\AppData\Roaming\npm
USERNAME=DEN
OS=Windows_NT
PROCESSOR_IDENTIFIER=Intel64 Family 6 Model 61 Stepping 4, GenuineIntel



---------------  S Y S T E M  ---------------

OS: Windows 10.0 , 64 bit Build 15063 (10.0.15063.1058)

CPU:total 4 (initial active 4) (2 cores per cpu, 2 threads per core) family 6 model 61 stepping 4, cmov, cx8, fxsr, mmx, sse, sse2, sse3, ssse3, sse4.1, sse4.2, popcnt, avx, avx2, aes, clmul, erms, 3dnowpref, lzcnt, ht, tsc, tscinvbit, bmi1, bmi2, adx

Memory: 4k page, physical 4091248k(673824k free), swap 9671632k(2126476k free)

vm_info: Java HotSpot(TM) 64-Bit Server VM (25.161-b12) for windows-amd64 JRE (1.8.0_161-b12), built on Dec 19 2017 17:52:25 by "java_re" with MS VC++ 10.0 (VS2010)

time: Sun Dec 16 18:43:23 2018
elapsed time: 9 seconds (0d 0h 0m 9s)

